<?xml version="1.0" encoding="UTF-8"?>
<!-- Generated by org.testng.reporters.JUnitReportReporter -->
<testsuite skipped="1" hostname="DESKTOP-NB13CCC" name="com.urbanLadder.testcases.sample" tests="1" failures="0" timestamp="2021-09-26T23:49:44 IST" time="0.000" errors="0">
  <testcase name="searching" time="0.000" classname="com.urbanLadder.testcases.sample">
    <skipped/>
  </testcase> <!-- searching -->
  <system-out/>
</testsuite> <!-- com.urbanLadder.testcases.sample -->
