<?xml version="1.0" encoding="UTF-8"?>
<!-- Generated by org.testng.reporters.JUnitReportReporter -->
<testsuite skipped="0" hostname="DESKTOP-NB13CCC" name="cucumberOptions.testRunner" tests="1" failures="0" timestamp="2021-09-27T17:21:24 IST" time="100.263" errors="0">
  <testcase name="feature" time="100.263" classname="cucumberOptions.testRunner"/>
  <system-out/>
</testsuite> <!-- cucumberOptions.testRunner -->
